g++  -Wall -Werror -g -I../include   -c -o main.o main.cpp
/usr/bin/g++ -Wall -Werror -g -I../include  -o hw2 main.o
Changed files: main.o

************RUNNING TEST ON FILE tests/findTest.txt***********
first	1
second	1
third	1
first
second
third
fourth	1
fourth	2
fourth	3
fifth	1
sixth	1
fifth
first
fourth
second
sixth
third
seventh	1
fifth
first
fourth
second
seventh
sixth
third
eighth	1
ninth	1
first	1
second	1
third	1
fourth	3
eighth
fifth
first
fourth
ninth
second
seventh
sixth
third
               EAVLTREE INSTANCE REPORT
                            size = 9
                          height = 3
                Int. Path Length = 6
               Ave. Nodes hit with Find  = 2.25
first	NOT-FOUND
second	NOT-FOUND
second	NOT-FOUND
eighth
fifth
fourth
ninth
seventh
sixth
third
second	0
first	0
last	0
fourth	3
"sixth"	0
"sixth"	1
"sixth"
eighth
fifth
fourth
ninth
seventh
sixth
third
sixth	2
               EAVLTREE INSTANCE REPORT
                            size = 8
                          height = 3
                Int. Path Length = 4
               Ave. Nodes hit with Find  = 3.11111
"sixth"
eighth
fifth
fourth
ninth
seventh
sixth
third
EXIT COMMAND GIVEN------>GOODBYE
******TESTING COMPLETED ON FILE tests/findTest.txt*********
 

************RUNNING TEST ON FILE tests/insertTest.txt***********
fancy	1
this	1
tuesday	1
666fat	1
               EAVLTREE INSTANCE REPORT
                            size = 4
                          height = 2
                Int. Path Length = 1
               Ave. Nodes hit with Find  = 0
666fat	1
666fat
fancy
this
tuesday
distancerunning	1
this	1
666fat
distancerunning
fancy
this
tuesday
               EAVLTREE INSTANCE REPORT
                            size = 5
                          height = 2
                Int. Path Length = 1
               Ave. Nodes hit with Find  = 2
fancy-pants	1
fancy-pants	NOT-FOUND
fancy-pants	0
ford	1
chevy	1
lincoln	1
chevy	NOT-FOUND
distancerunning	1
chevy	0
ford	1
facist	1
               EAVLTREE INSTANCE REPORT
                            size = 8
                          height = 3
                Int. Path Length = 4
               Ave. Nodes hit with Find  = 2.66667
facist	1
               EAVLTREE INSTANCE REPORT
                            size = 8
                          height = 3
                Int. Path Length = 4
               Ave. Nodes hit with Find  = 2.71429
fancy-pants	0
               EAVLTREE INSTANCE REPORT
                            size = 8
                          height = 3
                Int. Path Length = 4
               Ave. Nodes hit with Find  = 2.875
666fat
distancerunning
facist
fancy
ford
lincoln
this
tuesday
distance=to\mars	1
666fat
distance=to\mars
distancerunning
facist
fancy
ford
lincoln
this
tuesday
facist	1
               EAVLTREE INSTANCE REPORT
                            size = 9
                          height = 3
                Int. Path Length = 6
               Ave. Nodes hit with Find  = 2.88889
fancy-pants	1
fancy-pants	2
fancy-pants	3
fancy-pants	4
fancy-pants	5
               EAVLTREE INSTANCE REPORT
                            size = 10
                          height = 3
                Int. Path Length = 6
               Ave. Nodes hit with Find  = 2.88889
fancy-pants	5
666fat
distance=to\mars
distancerunning
facist
fancy
fancy-pants
ford
lincoln
this
tuesday
fancy-pants	4
fancy-pants	3
fancy-pants	2
fancy-pants	1
hello	1
EXIT COMMAND GIVEN------>GOODBYE
******TESTING COMPLETED ON FILE tests/insertTest.txt*********
 

************RUNNING TEST ON FILE tests/malformedTest.txt***********
fancy	1
this	1
tuesday	1
666fat	1
               EAVLTREE INSTANCE REPORT
                            size = 4
                          height = 2
                Int. Path Length = 1
               Ave. Nodes hit with Find  = 0
666fat
fancy
this
tuesday
distancerunning	1
pants	1
666fat
distancerunning
fancy
pants
this
tuesday
               EAVLTREE INSTANCE REPORT
                            size = 6
                          height = 2
                Int. Path Length = 2
               Ave. Nodes hit with Find  = 0
hello-world	1
what	1
666fat
distancerunning
fancy
hello-world
pants
this
tuesday
what
pants	NOT-FOUND
pants	NOT-FOUND
pants	1
pants	2
this	2
blackmail	1
what	2
what	3
what	3
               EAVLTREE INSTANCE REPORT
                            size = 9
                          height = 3
                Int. Path Length = 6
               Ave. Nodes hit with Find  = 4
blackmail	1
666fat
blackmail
distancerunning
fancy
hello-world
pants
this
tuesday
what
               EAVLTREE INSTANCE REPORT
                            size = 9
                          height = 3
                Int. Path Length = 6
               Ave. Nodes hit with Find  = 3
EXIT COMMAND GIVEN------>GOODBYE
******TESTING COMPLETED ON FILE tests/malformedTest.txt*********
 

************RUNNING TEST ON FILE tests/removeTest.txt***********
distance=to\mars	1
facist	1
facist	1
               EAVLTREE INSTANCE REPORT
                            size = 2
                          height = 1
                Int. Path Length = 0
               Ave. Nodes hit with Find  = 2
fancy-pants	1
fancy-pants	2
fancy-pants	3
fancy-pants	4
Fancy-pants	1
Fancy-panTS	1
Fancy-pants	2
               EAVLTREE INSTANCE REPORT
                            size = 5
                          height = 2
                Int. Path Length = 1
               Ave. Nodes hit with Find  = 2
fancy-pants	4
Fancy-panTS
Fancy-pants
distance=to\mars
facist
fancy-pants
Fancy-pants	1
fancy-pants	3
fancy-pants	2
fancy-pants	1
fancy-pants	NOT-FOUND
fancy-pants	NOT-FOUND
fancy-pants	NOT-FOUND
Fancy-panTS
Fancy-pants
distance=to\mars
facist
               EAVLTREE INSTANCE REPORT
                            size = 4
                          height = 2
                Int. Path Length = 1
               Ave. Nodes hit with Find  = 2
hello	1
hello	NOT-FOUND
facist	NOT-FOUND
Fancy-panTS
Fancy-pants
distance=to\mars
distance=to\mars	NOT-FOUND
               EAVLTREE INSTANCE REPORT
                            size = 2
                          height = 1
                Int. Path Length = 0
               Ave. Nodes hit with Find  = 2
Fancy-panTS
Fancy-pants
EXIT COMMAND GIVEN------>GOODBYE
******TESTING COMPLETED ON FILE tests/removeTest.txt*********
 

************RUNNING TEST ON FILE tests/zLenghtTest.txt***********
one	1
two	1
three	1
one
three
two
               EAVLTREE INSTANCE REPORT
                            size = 3
                          height = 1
                Int. Path Length = 0
               Ave. Nodes hit with Find  = 0
four	1
five	1
five
four
one
three
two
               EAVLTREE INSTANCE REPORT
                            size = 5
                          height = 2
                Int. Path Length = 1
               Ave. Nodes hit with Find  = 0
six	1
five
four
one
six
three
two
               EAVLTREE INSTANCE REPORT
                            size = 6
                          height = 2
                Int. Path Length = 2
               Ave. Nodes hit with Find  = 0
seven	1
eight	1
nine	1
ten	1
eight
five
four
nine
one
seven
six
ten
three
two
               EAVLTREE INSTANCE REPORT
                            size = 10
                          height = 3
                Int. Path Length = 6
               Ave. Nodes hit with Find  = 0
eleven	1
twelve	1
thirteen	1
eight
eleven
five
four
nine
one
seven
six
ten
thirteen
three
twelve
two
               EAVLTREE INSTANCE REPORT
                            size = 13
                          height = 4
                Int. Path Length = 13
               Ave. Nodes hit with Find  = 0
EXIT COMMAND GIVEN------>GOODBYE
******TESTING COMPLETED ON FILE tests/zLenghtTest.txt*********
 
rm -f main.o  hw2  *.debug
